This file contains any messages produced by compilers while
running configure, to aid debugging if configure makes a mistake.

It was created by configure, which was
generated by GNU Autoconf 2.69.  Invocation command line was

  $ ./configure --build=x86_64-linux-gnu --prefix=/usr --includedir=${prefix}/include --mandir=${prefix}/share/man --infodir=${prefix}/share/info --sysconfdir=/etc --localstatedir=/var --libexecdir=${prefix}/lib/lmod --disable-maintainer-mode --disable-dependency-tracking

## --------- ##
## Platform. ##
## --------- ##

hostname = debian
uname -m = x86_64
uname -r = 3.9-1-amd64
uname -s = Linux
uname -v = #1 SMP Debian 3.9.6-1

/usr/bin/uname -p = unknown
/bin/uname -X     = unknown

/bin/arch              = unknown
/usr/bin/arch -k       = unknown
/usr/convex/getsysinfo = unknown
/usr/bin/hostinfo      = unknown
/bin/machine           = unknown
/usr/bin/oslevel       = unknown
/bin/universe          = unknown

PATH: /usr/sbin
PATH: /usr/bin
PATH: /sbin
PATH: /bin
PATH: /usr/bin/X11


## ----------- ##
## Core tests. ##
## ----------- ##

configure:1760: result: DUPLICATE_PATHS=NO
configure:1782: result: CASE_INDEPENDENT_SORTING=NO
configure:1804: result: COLORIZE=YES
configure:1825: result: MODULEPATH_ROOT=/usr/modulefiles
configure:1847: result: ANCIENT=86400
configure:1869: result: SHORT_TIME=2
configure:1891: result: USE_DOT_FILES=yes
configure:1913: result: SPIDER_CACHE_DIRS=
configure:1935: result: SPIDER_CACHE_DESCRIPT_FN=
configure:1957: result: UPDATE_SYSTEM_FN=
configure:1979: result: PREPEND_BLOCK=NORMAL
configure:2002: result: ALLOW_TCL_MFILES=yes
configure:2024: result: MPATH_AVAIL=no
configure:2046: result: SETTARG=NO
configure:2062: checking for git
configure:2080: found /usr/bin/git
configure:2093: result: /usr/bin/git
configure:2103: checking for tclsh
configure:2121: found /usr/bin/tclsh
configure:2134: result: /usr/bin/tclsh
configure:2146: checking for sha1sum
configure:2164: found /usr/bin/sha1sum
configure:2176: result: /usr/bin/sha1sum
configure:2190: checking for more
configure:2208: found /bin/more
configure:2221: result: /bin/more
configure:2233: checking for lua
configure:2251: found /usr/bin/lua
configure:2264: result: /usr/bin/lua
configure:2418: checking for pkg-config
configure:2436: found /usr/bin/pkg-config
configure:2449: result: /usr/bin/pkg-config
configure:2480: checking for zsh
configure:2513: result: no
configure:2688: creating ./config.status

## ---------------------- ##
## Running config.status. ##
## ---------------------- ##

This file was extended by config.status, which was
generated by GNU Autoconf 2.69.  Invocation command line was

  CONFIG_FILES    = 
  CONFIG_HEADERS  = 
  CONFIG_LINKS    = 
  CONFIG_COMMANDS = 
  $ ./config.status 

on debian

config.status:741: creating makefile
configure:3689: WARNING: unrecognized options: --disable-maintainer-mode, --disable-dependency-tracking

## ---------------- ##
## Cache variables. ##
## ---------------- ##

ac_cv_env_build_alias_set=set
ac_cv_env_build_alias_value=x86_64-linux-gnu
ac_cv_env_host_alias_set=
ac_cv_env_host_alias_value=
ac_cv_env_target_alias_set=
ac_cv_env_target_alias_value=
ac_cv_path_PATH_TO_GIT=/usr/bin/git
ac_cv_path_PATH_TO_HASHSUM=/usr/bin/sha1sum
ac_cv_path_PATH_TO_TCLSH=/usr/bin/tclsh
ac_cv_path_luaprog=/usr/bin/lua
ac_cv_path_pager=/bin/more
ac_cv_path_pkgConfig=/usr/bin/pkg-config

## ----------------- ##
## Output variables. ##
## ----------------- ##

ALLOW_TCL_MFILES='yes'
ANCIENT='86400'
CASE_INDEPENDENT_SORTING='NO'
COLORIZE='YES'
DEFS='-DPACKAGE_NAME=\"\" -DPACKAGE_TARNAME=\"\" -DPACKAGE_VERSION=\"\" -DPACKAGE_STRING=\"\" -DPACKAGE_BUGREPORT=\"\" -DPACKAGE_URL=\"\" -DDUPLICATE_PATHS=\"NO\" -DCASE_INDEPENDENT_SORTING=\"NO\" -DCOLORIZE=\"YES\" -DMODULEPATH_ROOT=\"/usr/modulefiles\" -DANCIENT=\"86400\" -DSHORT_TIME=\"2\" -DUSE_DOT_FILES=\"yes\" -DSPIDER_CACHE_DIRS=\"\" -DSPIDER_CACHE_DESCRIPT_FN=\"\" -DUPDATE_SYSTEM_FN=\"\" -DPREPEND_BLOCK=\"NORMAL\" -DALLOW_TCL_MFILES=\"yes\" -DMPATH_AVAIL=\"no\" -DSETTARG=\"NO\"'
DUPLICATE_PATHS='NO'
ECHO_C=''
ECHO_N='-n'
ECHO_T=''
HAVE_LUA_JSON=''
HAVE_LUA_TERM='yes'
LIBOBJS=''
LIBS=''
LTLIBOBJS=''
LUA_INCLUDE='/usr/include/lua5.2'
MODULEPATH_ROOT='/usr/modulefiles'
MPATH_AVAIL='no'
PACKAGE_BUGREPORT=''
PACKAGE_NAME=''
PACKAGE_STRING=''
PACKAGE_TARNAME=''
PACKAGE_URL=''
PACKAGE_VERSION=''
PATH_SEPARATOR=':'
PATH_TO_GIT='/usr/bin/git'
PATH_TO_HASHSUM='/usr/bin/sha1sum'
PATH_TO_LUA='/usr/bin'
PATH_TO_PAGER='/bin/more'
PATH_TO_TCLSH='/usr/bin/tclsh'
PREPEND_BLOCK='NORMAL'
SETTARG='NO'
SHELL='/bin/bash'
SHORT_TIME='2'
SPIDER_CACHE_DESCRIPT_FN=''
SPIDER_CACHE_DIRS=''
UPDATE_SYSTEM_FN=''
USE_DOT_FILES='yes'
ZSH=''
ZSH_SITE_FUNCTIONS_DIR=''
bindir='${exec_prefix}/bin'
build_alias='x86_64-linux-gnu'
datadir='${datarootdir}'
datarootdir='${prefix}/share'
docdir='${datarootdir}/doc/${PACKAGE}'
dvidir='${docdir}'
exec_prefix='${prefix}'
host_alias=''
htmldir='${docdir}'
includedir='${prefix}/include'
infodir='${prefix}/share/info'
libdir='${exec_prefix}/lib'
libexecdir='${prefix}/lib/lmod'
localedir='${datarootdir}/locale'
localstatedir='/var'
luaprog='/usr/bin/lua5.2'
mandir='${prefix}/share/man'
oldincludedir='/usr/include'
pager='/bin/more'
pdfdir='${docdir}'
pkgConfig='/usr/bin/pkg-config'
prefix='/usr'
program_transform_name='s,x,x,'
psdir='${docdir}'
sbindir='${exec_prefix}/sbin'
sharedstatedir='${prefix}/com'
sysconfdir='/etc'
target_alias=''

## ----------- ##
## confdefs.h. ##
## ----------- ##

/* confdefs.h */
#define PACKAGE_NAME ""
#define PACKAGE_TARNAME ""
#define PACKAGE_VERSION ""
#define PACKAGE_STRING ""
#define PACKAGE_BUGREPORT ""
#define PACKAGE_URL ""
#define DUPLICATE_PATHS "NO"
#define CASE_INDEPENDENT_SORTING "NO"
#define COLORIZE "YES"
#define MODULEPATH_ROOT "/usr/modulefiles"
#define ANCIENT "86400"
#define SHORT_TIME "2"
#define USE_DOT_FILES "yes"
#define SPIDER_CACHE_DIRS ""
#define SPIDER_CACHE_DESCRIPT_FN ""
#define UPDATE_SYSTEM_FN ""
#define PREPEND_BLOCK "NORMAL"
#define ALLOW_TCL_MFILES "yes"
#define MPATH_AVAIL "no"
#define SETTARG "NO"

configure: exit 0
